<?xml version="1.0" encoding="UTF-8"?>
<Site BuildName="Linux-clang++"
	BuildStamp="20231212-2105-Experimental"
	Name="raspberrypi"
	Generator="ctest-3.25.1"
	CompilerName="/usr/bin/clang++"
	CompilerVersion="14.0.6"
	OSName="Linux"
	Hostname="raspberrypi"
	OSRelease="6.1.0-rpi7-rpi-v8"
	OSVersion="#1 SMP PREEMPT Debian 1:6.1.63-1+rpt1 (2023-11-24)"
	OSPlatform="aarch64"
	Is64Bits="1"
	VendorString=""
	VendorID="Unknown Manufacturer"
	FamilyID="8"
	ModelID="0"
	ProcessorCacheSize="0"
	NumberOfLogicalCPU="4"
	NumberOfPhysicalCPU="1"
	TotalVirtualMemory="99"
	TotalPhysicalMemory="7811"
	LogicalProcessorsPerPhysical="4"
	ProcessorClockFrequency="0"
	>
	<Testing>
		<StartDateTime>Dec 13 01:22 MSK</StartDateTime>
		<StartTestTime>1702419777</StartTestTime>
		<TestList/>
		<EndDateTime>Dec 13 01:22 MSK</EndDateTime>
		<EndTestTime>1702419777</EndTestTime>
		<ElapsedMinutes>0</ElapsedMinutes>
	</Testing>
</Site>
